<?xml version="1.0" encoding="UTF-8"?>
<!-- Generated by org.testng.reporters.JUnitReportReporter -->
<testsuite hostname="EG-5CG9024YHZ" failures="0" tests="1" name="TestCases.CreateNewAccount" time="20.060" errors="0" timestamp="2020-10-28T13:18:56 EET" skipped="0">
  <testcase classname="TestCases.CreateNewAccount" name="UserCanRegisterSuccssfully" time="20.060"/>
  <system-out/>
</testsuite> <!-- TestCases.CreateNewAccount -->
