<?xml version="1.0" encoding="UTF-8"?>
<!-- Generated by org.testng.reporters.JUnitReportReporter -->
<testsuite hostname="EG-5CG9024YHZ" failures="0" tests="1" name="TestCases.LoginTest" time="0.000" errors="0" timestamp="21 Jan 2021 16:43:10 GMT" skipped="1">
  <testcase classname="TestCases.LoginTest" name="UserCanRegisterSuccssfully" time="0.000">
    <skipped/>
  </testcase> <!-- UserCanRegisterSuccssfully -->
</testsuite> <!-- TestCases.LoginTest -->
