<?xml version="1.0" encoding="UTF-8"?>
<!-- Generated by org.testng.reporters.JUnitReportReporter -->
<testsuite hostname="EG-5CG9024YHZ" failures="0" tests="1" name="TestCases.AddToCartTest" time="6.164" errors="0" timestamp="2020-10-31T01:16:03 EET" skipped="0">
  <testcase classname="TestCases.AddToCartTest" name="UserAddToCart" time="6.164"/>
  <system-out/>
</testsuite> <!-- TestCases.AddToCartTest -->
