<?xml version="1.0" encoding="UTF-8"?>
<!-- Generated by org.testng.reporters.JUnitReportReporter -->
<testsuite skipped="0" hostname="EG5CD9208G2L" name="TestCases.RegisterAndMakeOrder" tests="1" failures="0" timestamp="16 Nov 2020 09:53:20 GMT" time="40.235" errors="0">
  <testcase name="UserRegAndMakeOrder" time="40.235" classname="TestCases.RegisterAndMakeOrder"/>
</testsuite> <!-- TestCases.RegisterAndMakeOrder -->
