<?xml version="1.0" encoding="UTF-8"?>
<!-- Generated by org.testng.reporters.JUnitReportReporter -->
<testsuite hostname="EG-5CG9024YHZ" failures="0" tests="1" name="TestCases.SelectCategoryTest" time="65.606" errors="0" timestamp="2020-10-31T00:43:27 EET" skipped="0">
  <testcase classname="TestCases.SelectCategoryTest" name="UserCanSelectCategory" time="65.606"/>
  <system-out/>
</testsuite> <!-- TestCases.SelectCategoryTest -->
