<?xml version="1.0" encoding="UTF-8"?>
<!-- Generated by org.testng.reporters.JUnitReportReporter -->
<testsuite hostname="EG-5CG9024YHZ" failures="0" tests="1" name="TestCases.CreateFullOrderTest" time="27.423" errors="0" timestamp="2020-10-31T15:48:11 EET" skipped="0">
  <testcase classname="TestCases.CreateFullOrderTest" name="UserRegAndMakeOrder" time="27.423"/>
  <system-out/>
</testsuite> <!-- TestCases.CreateFullOrderTest -->
